c:\users\josia orava\desktop\projects\photolib\photolib\photolib\x64\debug\vc143.pdb
c:\users\josia orava\desktop\projects\photolib\photolib\photolib\x64\debug\vc143.idb
c:\users\josia orava\desktop\projects\photolib\photolib\photolib\x64\debug\main.obj
c:\users\josia orava\desktop\projects\photolib\photolib\photolib\x64\debug\db.obj
c:\users\josia orava\desktop\projects\photolib\photolib\x64\debug\photolib.pdb
c:\users\josia orava\desktop\projects\photolib\photolib\photolib\x64\debug\photolib.tlog\cl.command.1.tlog
c:\users\josia orava\desktop\projects\photolib\photolib\photolib\x64\debug\photolib.tlog\cl.read.1.tlog
c:\users\josia orava\desktop\projects\photolib\photolib\photolib\x64\debug\photolib.tlog\cl.write.1.tlog
c:\users\josia orava\desktop\projects\photolib\photolib\photolib\x64\debug\photolib.tlog\link-cvtres.read.1.tlog
c:\users\josia orava\desktop\projects\photolib\photolib\photolib\x64\debug\photolib.tlog\link-cvtres.write.1.tlog
c:\users\josia orava\desktop\projects\photolib\photolib\photolib\x64\debug\photolib.tlog\link-rc.read.1.tlog
c:\users\josia orava\desktop\projects\photolib\photolib\photolib\x64\debug\photolib.tlog\link-rc.write.1.tlog
c:\users\josia orava\desktop\projects\photolib\photolib\photolib\x64\debug\photolib.tlog\link.34668-cvtres.read.1.tlog
c:\users\josia orava\desktop\projects\photolib\photolib\photolib\x64\debug\photolib.tlog\link.34668-cvtres.write.1.tlog
c:\users\josia orava\desktop\projects\photolib\photolib\photolib\x64\debug\photolib.tlog\link.34668-rc.read.1.tlog
c:\users\josia orava\desktop\projects\photolib\photolib\photolib\x64\debug\photolib.tlog\link.34668-rc.write.1.tlog
c:\users\josia orava\desktop\projects\photolib\photolib\photolib\x64\debug\photolib.tlog\link.34668.read.1.tlog
c:\users\josia orava\desktop\projects\photolib\photolib\photolib\x64\debug\photolib.tlog\link.34668.read.2.tlog
c:\users\josia orava\desktop\projects\photolib\photolib\photolib\x64\debug\photolib.tlog\link.34668.write.1.tlog
c:\users\josia orava\desktop\projects\photolib\photolib\photolib\x64\debug\photolib.tlog\link.command.1.tlog
c:\users\josia orava\desktop\projects\photolib\photolib\photolib\x64\debug\photolib.tlog\link.read.1.tlog
c:\users\josia orava\desktop\projects\photolib\photolib\photolib\x64\debug\photolib.tlog\link.read.2.tlog
c:\users\josia orava\desktop\projects\photolib\photolib\photolib\x64\debug\photolib.tlog\link.write.1.tlog
